{"/home/sofiane/react-vitest-test/src/components/Accordion/Accordion.tsx": {"path":"/home/sofiane/react-vitest-test/src/components/Accordion/Accordion.tsx","statementMap":{"0":{"start":{"line":8,"column":25},"end":{"line":27,"column":null}},"1":{"start":{"line":9,"column":30},"end":{"line":9,"column":null}},"2":{"start":{"line":10,"column":26},"end":{"line":10,"column":null}},"3":{"start":{"line":12,"column":27},"end":{"line":14,"column":null}},"4":{"start":{"line":13,"column":4},"end":{"line":13,"column":null}},"5":{"start":{"line":16,"column":2},"end":{"line":25,"column":null}},"6":{"start":{"line":20,"column":31},"end":{"line":20,"column":null}}},"fnMap":{"0":{"name":"(anonymous_0)","decl":{"start":{"line":8,"column":25},"end":{"line":8,"column":26}},"loc":{"start":{"line":8,"column":52},"end":{"line":27,"column":null}}},"1":{"name":"(anonymous_1)","decl":{"start":{"line":12,"column":27},"end":{"line":12,"column":33}},"loc":{"start":{"line":12,"column":33},"end":{"line":14,"column":null}}},"2":{"name":"(anonymous_2)","decl":{"start":{"line":20,"column":25},"end":{"line":20,"column":31}},"loc":{"start":{"line":20,"column":31},"end":{"line":20,"column":null}}}},"branchMap":{"0":{"loc":{"start":{"line":21,"column":11},"end":{"line":21,"column":null}},"type":"cond-expr","locations":[{"start":{"line":21,"column":19},"end":{"line":21,"column":28}},{"start":{"line":21,"column":28},"end":{"line":21,"column":null}}]},"1":{"loc":{"start":{"line":24,"column":7},"end":{"line":24,"column":null}},"type":"binary-expr","locations":[{"start":{"line":24,"column":7},"end":{"line":24,"column":15}},{"start":{"line":24,"column":15},"end":{"line":24,"column":null}}]}},"s":{"0":1,"1":2,"2":2,"3":2,"4":0,"5":2,"6":0},"f":{"0":2,"1":0,"2":0},"b":{"0":[2,0],"1":[2,0]}}
}
